*   Trying 10.0.10.4:8080...
  % Total    % Received % Xferd  Average Speed   Time    Time     Time  Current
                                 Dload  Upload   Total   Spent    Left  Speed
  0     0    0     0    0     0      0      0 --:--:-- --:--:-- --:--:--     0* Connected to 10.0.10.4 (10.0.10.4) port 8080 (#0)
> GET /sse HTTP/1.1
> Host: 10.0.10.4:8080
> User-Agent: curl/7.76.1
> Accept: */*
> 
* Mark bundle as not supporting multiuse
< HTTP/1.1 200 OK
< date: Wed, 03 Jun 2026 22:39:27 GMT
< server: uvicorn
< cache-control: no-store
< connection: keep-alive
< x-accel-buffering: no
< content-type: text/event-stream; charset=utf-8
< Transfer-Encoding: chunked
< 
{ [87 bytes data]
100    81    0    81    0     0     67      0 --:--:--  0:00:01 --:--:--    67100    81    0    81    0     0     36      0 --:--:--  0:00:02 --:--:--    36100    81    0    81    0     0     25      0 --:--:--  0:00:03 --:--:--    25100    81    0    81    0     0     19      0 --:--:--  0:00:04 --:--:--    19* Operation timed out after 5000 milliseconds with 81 bytes received
100    81    0    81    0     0     16      0 --:--:--  0:00:05 --:--:--    16
* Closing connection 0
curl: (28) Operation timed out after 5000 milliseconds with 81 bytes received
